05-17 16:00:28 com_github_MitjaNemec_ReplicateLayout.action_replicate_layout 360:Plugin executed on: 'linux'
05-17 16:00:28 com_github_MitjaNemec_ReplicateLayout.action_replicate_layout 361:Plugin executed with python version: '3.10.6 (main, Mar 10 2023, 10:55:28) [GCC 11.3.0]'
05-17 16:00:28 com_github_MitjaNemec_ReplicateLayout.action_replicate_layout 362:KiCad build version: 7.0.2-6a45011f42~172~ubuntu22.04.1
05-17 16:00:28 com_github_MitjaNemec_ReplicateLayout.action_replicate_layout 363:Plugin version: 2.0.10
05-17 16:00:28 com_github_MitjaNemec_ReplicateLayout.action_replicate_layout 364:Frame repr: <wx._core.Frame object at 0x7fd39a2aa7a0>
05-17 16:00:28 com_github_MitjaNemec_ReplicateLayout.action_replicate_layout 388:Preparing replicator with U1 as a reference
05-17 16:00:28 com_github_MitjaNemec_ReplicateLayout.replicate_layout 113:getting a list of all footprints on board
05-17 16:00:28 com_github_MitjaNemec_ReplicateLayout.action_replicate_layout 436:source anchor footprint is 'U1'
Located on: ['kx134_unit1']
With filenames: ['kx134_unit1.kicad_sch']
With sheet_id:['kx134_unit1']
05-17 16:00:28 com_github_MitjaNemec_ReplicateLayout.action_replicate_layout 443:Corresponding footprints are 
[('U5', ['kx134_unit5']), ('U3', ['kx134_unit3']), ('U9', ['kx134_unit9']), ('U1', ['kx134_unit1']), ('U8', ['kx134_unit8']), ('U6', ['kx134_unit6']), ('U2', ['kx134_unit2']), ('U4', ['kx134_unit4']), ('U7', ['kx134_unit7'])]
05-17 16:00:28 com_github_MitjaNemec_ReplicateLayout.action_replicate_layout 455:Showing dialog
05-17 16:00:28 com_github_MitjaNemec_ReplicateLayout.replicate_layout 390:constructing a list of sheets suitable for replication on level:'kx134_unit1', file:'kx134_unit1.kicad_sch'
05-17 16:00:28 com_github_MitjaNemec_ReplicateLayout.replicate_layout 427:suitable sheets are:[['kx134_unit2'], ['kx134_unit3'], ['kx134_unit4'], ['kx134_unit5'], ['kx134_unit6'], ['kx134_unit7'], ['kx134_unit8'], ['kx134_unit9']]
05-17 16:00:28 com_github_MitjaNemec_ReplicateLayout.replicate_layout 1348:Level selected: ['kx134_unit1']
05-17 16:00:28 com_github_MitjaNemec_ReplicateLayout.replicate_layout 1183:Filtering list of tracks
05-17 16:00:28 com_github_MitjaNemec_ReplicateLayout.action_replicate_layout 461:Toolbar position: wx.Point(1886, 123)
05-17 16:00:28 com_github_MitjaNemec_ReplicateLayout.action_replicate_layout 466:Dialog position: wx.Point(1522, 123)
05-17 16:00:37 com_github_MitjaNemec_ReplicateLayout.replicate_layout 390:constructing a list of sheets suitable for replication on level:'kx134_unit1', file:'kx134_unit1.kicad_sch'
05-17 16:00:37 com_github_MitjaNemec_ReplicateLayout.replicate_layout 427:suitable sheets are:[['kx134_unit2'], ['kx134_unit3'], ['kx134_unit4'], ['kx134_unit5'], ['kx134_unit6'], ['kx134_unit7'], ['kx134_unit8'], ['kx134_unit9']]
05-17 16:00:37 com_github_MitjaNemec_ReplicateLayout.replicate_layout 1348:Level selected: ['kx134_unit1']
05-17 16:00:37 com_github_MitjaNemec_ReplicateLayout.replicate_layout 1183:Filtering list of tracks
05-17 16:00:37 com_github_MitjaNemec_ReplicateLayout.replicate_layout 390:constructing a list of sheets suitable for replication on level:'kx134_unit1', file:'kx134_unit1.kicad_sch'
05-17 16:00:37 com_github_MitjaNemec_ReplicateLayout.replicate_layout 427:suitable sheets are:[['kx134_unit2'], ['kx134_unit3'], ['kx134_unit4'], ['kx134_unit5'], ['kx134_unit6'], ['kx134_unit7'], ['kx134_unit8'], ['kx134_unit9']]
05-17 16:00:38 com_github_MitjaNemec_ReplicateLayout.replicate_layout 1348:Level selected: ['kx134_unit1']
05-17 16:00:38 com_github_MitjaNemec_ReplicateLayout.replicate_layout 1183:Filtering list of tracks
05-17 16:00:39 com_github_MitjaNemec_ReplicateLayout.replicate_layout 390:constructing a list of sheets suitable for replication on level:'kx134_unit1', file:'kx134_unit1.kicad_sch'
05-17 16:00:39 com_github_MitjaNemec_ReplicateLayout.replicate_layout 427:suitable sheets are:[['kx134_unit2'], ['kx134_unit3'], ['kx134_unit4'], ['kx134_unit5'], ['kx134_unit6'], ['kx134_unit7'], ['kx134_unit8'], ['kx134_unit9']]
05-17 16:00:39 com_github_MitjaNemec_ReplicateLayout.action_replicate_layout 207:Replicating layout
05-17 16:00:39 com_github_MitjaNemec_ReplicateLayout.replicate_layout 236:Starting replication of sheets: [['kx134_unit2'], ['kx134_unit3'], ['kx134_unit4'], ['kx134_unit6'], ['kx134_unit7'], ['kx134_unit8'], ['kx134_unit9']]
on level: ['kx134_unit1']
with tracks=True, zone=True, text=True, text=True, intersecting=True, remove=True, locked footprints=False, group_only=False
05-17 16:00:39 root 299:updating GUI message: 'Preparing for replication'
05-17 16:00:40 com_github_MitjaNemec_ReplicateLayout.replicate_layout 306:Getting the list of source footprints
05-17 16:00:40 root 304:updating GUI with: 0
05-17 16:00:40 com_github_MitjaNemec_ReplicateLayout.replicate_layout 316:Getting the list of all the remaining footprints
05-17 16:00:40 com_github_MitjaNemec_ReplicateLayout.replicate_layout 323:Getting source tracks
05-17 16:00:40 com_github_MitjaNemec_ReplicateLayout.replicate_layout 1183:Filtering list of tracks
05-17 16:00:40 com_github_MitjaNemec_ReplicateLayout.replicate_layout 327:Getting source zones
05-17 16:00:40 root 304:updating GUI with: 50
05-17 16:00:40 com_github_MitjaNemec_ReplicateLayout.replicate_layout 331:Getting source text items
05-17 16:00:40 root 304:updating GUI with: 66
05-17 16:00:40 com_github_MitjaNemec_ReplicateLayout.replicate_layout 335:Getting source drawing items
05-17 16:00:40 com_github_MitjaNemec_ReplicateLayout.replicate_layout 268:Removing tracks and zones, before footprint placement
05-17 16:00:40 root 299:updating GUI message: 'Removing zones and tracks'
05-17 16:00:40 com_github_MitjaNemec_ReplicateLayout.replicate_layout 1129:Remove bounding box top:50625000, bottom:66925000, Left:161625000, Right:172875000
05-17 16:00:40 root 304:updating GUI with: 14
05-17 16:00:40 com_github_MitjaNemec_ReplicateLayout.replicate_layout 1129:Remove bounding box top:59124999, bottom:70374999, Left:183075000, Right:199375000
05-17 16:00:40 com_github_MitjaNemec_ReplicateLayout.replicate_layout 1129:Remove bounding box top:76624999, bottom:87874999, Left:183075000, Right:199375000
05-17 16:00:40 root 304:updating GUI with: 42
05-17 16:00:40 com_github_MitjaNemec_ReplicateLayout.replicate_layout 1129:Remove bounding box top:77125000, bottom:88375000, Left:135625000, Right:151925000
05-17 16:00:40 com_github_MitjaNemec_ReplicateLayout.replicate_layout 1129:Remove bounding box top:98075000, bottom:114375000, Left:162125000, Right:173375000
05-17 16:00:40 root 304:updating GUI with: 71
05-17 16:00:40 com_github_MitjaNemec_ReplicateLayout.replicate_layout 1129:Remove bounding box top:98075000, bottom:114375000, Left:179625000, Right:190875000
05-17 16:00:40 com_github_MitjaNemec_ReplicateLayout.replicate_layout 1129:Remove bounding box top:94625000, bottom:105875000, Left:135625000, Right:151925000
05-17 16:00:40 root 299:updating GUI message: 'Replicating footprints'
05-17 16:00:40 root 304:updating GUI with: 0
05-17 16:00:40 com_github_MitjaNemec_ReplicateLayout.replicate_layout 739:Replicating footprints
05-17 16:00:40 com_github_MitjaNemec_ReplicateLayout.replicate_layout 745:Replicating footprints on sheet ['kx134_unit2']
05-17 16:00:40 com_github_MitjaNemec_ReplicateLayout.replicate_layout 745:Replicating footprints on sheet ['kx134_unit3']
05-17 16:00:40 com_github_MitjaNemec_ReplicateLayout.replicate_layout 745:Replicating footprints on sheet ['kx134_unit4']
05-17 16:00:40 com_github_MitjaNemec_ReplicateLayout.replicate_layout 745:Replicating footprints on sheet ['kx134_unit6']
05-17 16:00:40 com_github_MitjaNemec_ReplicateLayout.replicate_layout 745:Replicating footprints on sheet ['kx134_unit7']
05-17 16:00:40 com_github_MitjaNemec_ReplicateLayout.replicate_layout 745:Replicating footprints on sheet ['kx134_unit8']
05-17 16:00:40 com_github_MitjaNemec_ReplicateLayout.replicate_layout 745:Replicating footprints on sheet ['kx134_unit9']
05-17 16:00:40 com_github_MitjaNemec_ReplicateLayout.replicate_layout 276:Removing tracks and zones, after footprint placement
05-17 16:00:40 root 299:updating GUI message: 'Removing zones and tracks'
05-17 16:00:40 com_github_MitjaNemec_ReplicateLayout.replicate_layout 1129:Remove bounding box top:50625000, bottom:66925000, Left:161625000, Right:172875000
05-17 16:00:40 root 304:updating GUI with: 14
05-17 16:00:40 com_github_MitjaNemec_ReplicateLayout.replicate_layout 1129:Remove bounding box top:59124999, bottom:70374999, Left:183075000, Right:199375000
05-17 16:00:40 com_github_MitjaNemec_ReplicateLayout.replicate_layout 1129:Remove bounding box top:76624999, bottom:87874999, Left:183075000, Right:199375000
05-17 16:00:40 com_github_MitjaNemec_ReplicateLayout.replicate_layout 1129:Remove bounding box top:77125000, bottom:88375000, Left:135625000, Right:151925000
05-17 16:00:40 com_github_MitjaNemec_ReplicateLayout.replicate_layout 1129:Remove bounding box top:98075000, bottom:114375000, Left:162125000, Right:173375000
05-17 16:00:40 com_github_MitjaNemec_ReplicateLayout.replicate_layout 1129:Remove bounding box top:98075000, bottom:114375000, Left:179625000, Right:190875000
05-17 16:00:40 com_github_MitjaNemec_ReplicateLayout.replicate_layout 1129:Remove bounding box top:94625000, bottom:105875000, Left:135625000, Right:151925000
05-17 16:00:40 root 299:updating GUI message: 'Replicating tracks'
05-17 16:00:40 root 304:updating GUI with: 0
05-17 16:00:40 com_github_MitjaNemec_ReplicateLayout.replicate_layout 904:Replicating tracks
05-17 16:00:40 com_github_MitjaNemec_ReplicateLayout.replicate_layout 910:Replicating tracks on sheet ['kx134_unit2']
05-17 16:00:40 com_github_MitjaNemec_ReplicateLayout.replicate_layout 734:Net pairs for sheet ['kx134_unit2'] :[('', ''), ('SDO_1', 'SDO_2'), ('INT1_1', 'INT1_2'), ('Sclk_1', 'Sclk_2'), ('VDD', 'VDD'), ('GND', 'GND'), ('INT2_1', 'INT2_2'), ('nCS_1', 'nCS_2'), ('SDI_1', 'SDI_2'), ('TRIG_1', 'TRIG_2')]
05-17 16:00:40 com_github_MitjaNemec_ReplicateLayout.replicate_layout 910:Replicating tracks on sheet ['kx134_unit3']
05-17 16:00:40 com_github_MitjaNemec_ReplicateLayout.replicate_layout 734:Net pairs for sheet ['kx134_unit3'] :[('SDI_1', 'SDI_3'), ('nCS_1', 'nCS_3'), ('SDO_1', 'SDO_3'), ('', ''), ('VDD', 'VDD'), ('Sclk_1', 'Sclk_3'), ('GND', 'GND'), ('TRIG_1', 'TRIG_3'), ('INT1_1', 'INT1_3'), ('INT2_1', 'INT2_3')]
05-17 16:00:40 com_github_MitjaNemec_ReplicateLayout.replicate_layout 910:Replicating tracks on sheet ['kx134_unit4']
05-17 16:00:40 com_github_MitjaNemec_ReplicateLayout.replicate_layout 734:Net pairs for sheet ['kx134_unit4'] :[('nCS_1', 'nCS_4'), ('', ''), ('INT2_1', 'INT2_4'), ('SDO_1', 'SDO_4'), ('TRIG_1', 'TRIG_4'), ('VDD', 'VDD'), ('GND', 'GND'), ('Sclk_1', 'Sclk_4'), ('INT1_1', 'INT1_4'), ('SDI_1', 'SDI_4')]
05-17 16:00:40 root 304:updating GUI with: 40
05-17 16:00:40 com_github_MitjaNemec_ReplicateLayout.replicate_layout 910:Replicating tracks on sheet ['kx134_unit6']
05-17 16:00:40 com_github_MitjaNemec_ReplicateLayout.replicate_layout 734:Net pairs for sheet ['kx134_unit6'] :[('Sclk_1', 'Sclk_6'), ('SDO_1', 'SDO_6'), ('', ''), ('TRIG_1', 'TRIG_6'), ('SDI_1', 'SDI_6'), ('VDD', 'VDD'), ('GND', 'GND'), ('nCS_1', 'nCS_6'), ('INT1_1', 'INT1_6'), ('INT2_1', 'INT2_6')]
05-17 16:00:40 com_github_MitjaNemec_ReplicateLayout.replicate_layout 910:Replicating tracks on sheet ['kx134_unit7']
05-17 16:00:40 com_github_MitjaNemec_ReplicateLayout.replicate_layout 734:Net pairs for sheet ['kx134_unit7'] :[('INT1_1', 'INT1_7'), ('', ''), ('Sclk_1', 'Sclk_7'), ('VDD', 'VDD'), ('GND', 'GND'), ('nCS_1', 'nCS_7'), ('TRIG_1', 'TRIG_7'), ('SDO_1', 'SDO_7'), ('INT2_1', 'INT2_7'), ('SDI_1', 'SDI_7')]
05-17 16:00:40 com_github_MitjaNemec_ReplicateLayout.replicate_layout 910:Replicating tracks on sheet ['kx134_unit8']
05-17 16:00:40 com_github_MitjaNemec_ReplicateLayout.replicate_layout 734:Net pairs for sheet ['kx134_unit8'] :[('nCS_1', 'nCS_8'), ('', ''), ('VDD', 'VDD'), ('GND', 'GND'), ('INT2_1', 'INT2_8'), ('SDI_1', 'SDI_8'), ('TRIG_1', 'TRIG_8'), ('INT1_1', 'INT1_8'), ('SDO_1', 'SDO_8'), ('Sclk_1', 'Sclk_8')]
05-17 16:00:40 com_github_MitjaNemec_ReplicateLayout.replicate_layout 910:Replicating tracks on sheet ['kx134_unit9']
05-17 16:00:40 com_github_MitjaNemec_ReplicateLayout.replicate_layout 734:Net pairs for sheet ['kx134_unit9'] :[('INT1_1', 'INT1_9'), ('INT2_1', 'INT2_9'), ('SDI_1', 'SDI_9'), ('nCS_1', 'nCS_9'), ('', ''), ('VDD', 'VDD'), ('GND', 'GND'), ('Sclk_1', 'Sclk_9'), ('TRIG_1', 'TRIG_9'), ('SDO_1', 'SDO_9')]
05-17 16:00:40 root 299:updating GUI message: 'Replicating zones'
05-17 16:00:40 com_github_MitjaNemec_ReplicateLayout.replicate_layout 963:Replicating zones
05-17 16:00:40 root 304:updating GUI with: 0
05-17 16:00:40 com_github_MitjaNemec_ReplicateLayout.replicate_layout 970:Replicating zones on sheet ['kx134_unit2']
05-17 16:00:40 com_github_MitjaNemec_ReplicateLayout.replicate_layout 734:Net pairs for sheet ['kx134_unit2'] :[('', ''), ('SDO_1', 'SDO_2'), ('INT1_1', 'INT1_2'), ('Sclk_1', 'Sclk_2'), ('VDD', 'VDD'), ('GND', 'GND'), ('INT2_1', 'INT2_2'), ('nCS_1', 'nCS_2'), ('SDI_1', 'SDI_2'), ('TRIG_1', 'TRIG_2')]
05-17 16:00:40 com_github_MitjaNemec_ReplicateLayout.replicate_layout 970:Replicating zones on sheet ['kx134_unit3']
05-17 16:00:40 com_github_MitjaNemec_ReplicateLayout.replicate_layout 734:Net pairs for sheet ['kx134_unit3'] :[('SDI_1', 'SDI_3'), ('nCS_1', 'nCS_3'), ('SDO_1', 'SDO_3'), ('', ''), ('VDD', 'VDD'), ('Sclk_1', 'Sclk_3'), ('GND', 'GND'), ('TRIG_1', 'TRIG_3'), ('INT1_1', 'INT1_3'), ('INT2_1', 'INT2_3')]
05-17 16:00:40 com_github_MitjaNemec_ReplicateLayout.replicate_layout 970:Replicating zones on sheet ['kx134_unit4']
05-17 16:00:40 com_github_MitjaNemec_ReplicateLayout.replicate_layout 734:Net pairs for sheet ['kx134_unit4'] :[('nCS_1', 'nCS_4'), ('', ''), ('INT2_1', 'INT2_4'), ('SDO_1', 'SDO_4'), ('TRIG_1', 'TRIG_4'), ('VDD', 'VDD'), ('GND', 'GND'), ('Sclk_1', 'Sclk_4'), ('INT1_1', 'INT1_4'), ('SDI_1', 'SDI_4')]
05-17 16:00:40 com_github_MitjaNemec_ReplicateLayout.replicate_layout 970:Replicating zones on sheet ['kx134_unit6']
05-17 16:00:40 com_github_MitjaNemec_ReplicateLayout.replicate_layout 734:Net pairs for sheet ['kx134_unit6'] :[('Sclk_1', 'Sclk_6'), ('SDO_1', 'SDO_6'), ('', ''), ('TRIG_1', 'TRIG_6'), ('SDI_1', 'SDI_6'), ('VDD', 'VDD'), ('GND', 'GND'), ('nCS_1', 'nCS_6'), ('INT1_1', 'INT1_6'), ('INT2_1', 'INT2_6')]
05-17 16:00:40 com_github_MitjaNemec_ReplicateLayout.replicate_layout 970:Replicating zones on sheet ['kx134_unit7']
05-17 16:00:40 com_github_MitjaNemec_ReplicateLayout.replicate_layout 734:Net pairs for sheet ['kx134_unit7'] :[('INT1_1', 'INT1_7'), ('', ''), ('Sclk_1', 'Sclk_7'), ('VDD', 'VDD'), ('GND', 'GND'), ('nCS_1', 'nCS_7'), ('TRIG_1', 'TRIG_7'), ('SDO_1', 'SDO_7'), ('INT2_1', 'INT2_7'), ('SDI_1', 'SDI_7')]
05-17 16:00:40 com_github_MitjaNemec_ReplicateLayout.replicate_layout 970:Replicating zones on sheet ['kx134_unit8']
05-17 16:00:40 com_github_MitjaNemec_ReplicateLayout.replicate_layout 734:Net pairs for sheet ['kx134_unit8'] :[('nCS_1', 'nCS_8'), ('', ''), ('VDD', 'VDD'), ('GND', 'GND'), ('INT2_1', 'INT2_8'), ('SDI_1', 'SDI_8'), ('TRIG_1', 'TRIG_8'), ('INT1_1', 'INT1_8'), ('SDO_1', 'SDO_8'), ('Sclk_1', 'Sclk_8')]
05-17 16:00:40 com_github_MitjaNemec_ReplicateLayout.replicate_layout 970:Replicating zones on sheet ['kx134_unit9']
05-17 16:00:40 com_github_MitjaNemec_ReplicateLayout.replicate_layout 734:Net pairs for sheet ['kx134_unit9'] :[('INT1_1', 'INT1_9'), ('INT2_1', 'INT2_9'), ('SDI_1', 'SDI_9'), ('nCS_1', 'nCS_9'), ('', ''), ('VDD', 'VDD'), ('GND', 'GND'), ('Sclk_1', 'Sclk_9'), ('TRIG_1', 'TRIG_9'), ('SDO_1', 'SDO_9')]
05-17 16:00:40 root 299:updating GUI message: 'Replicating text'
05-17 16:00:40 com_github_MitjaNemec_ReplicateLayout.replicate_layout 1041:Replicating text
05-17 16:00:40 com_github_MitjaNemec_ReplicateLayout.replicate_layout 1048:Replicating text on sheet ['kx134_unit2']
05-17 16:00:40 com_github_MitjaNemec_ReplicateLayout.replicate_layout 1048:Replicating text on sheet ['kx134_unit3']
05-17 16:00:40 com_github_MitjaNemec_ReplicateLayout.replicate_layout 1048:Replicating text on sheet ['kx134_unit4']
05-17 16:00:40 com_github_MitjaNemec_ReplicateLayout.replicate_layout 1048:Replicating text on sheet ['kx134_unit6']
05-17 16:00:40 com_github_MitjaNemec_ReplicateLayout.replicate_layout 1048:Replicating text on sheet ['kx134_unit7']
05-17 16:00:40 com_github_MitjaNemec_ReplicateLayout.replicate_layout 1048:Replicating text on sheet ['kx134_unit8']
05-17 16:00:40 com_github_MitjaNemec_ReplicateLayout.replicate_layout 1048:Replicating text on sheet ['kx134_unit9']
05-17 16:00:40 root 299:updating GUI message: 'Replicating drawings'
05-17 16:00:40 com_github_MitjaNemec_ReplicateLayout.replicate_layout 1081:Replicating drawings
05-17 16:00:40 com_github_MitjaNemec_ReplicateLayout.replicate_layout 1087:Replicating drawings on sheet ['kx134_unit2']
05-17 16:00:40 com_github_MitjaNemec_ReplicateLayout.replicate_layout 1087:Replicating drawings on sheet ['kx134_unit3']
05-17 16:00:40 com_github_MitjaNemec_ReplicateLayout.replicate_layout 1087:Replicating drawings on sheet ['kx134_unit4']
05-17 16:00:40 com_github_MitjaNemec_ReplicateLayout.replicate_layout 1087:Replicating drawings on sheet ['kx134_unit6']
05-17 16:00:40 com_github_MitjaNemec_ReplicateLayout.replicate_layout 1087:Replicating drawings on sheet ['kx134_unit7']
05-17 16:00:40 com_github_MitjaNemec_ReplicateLayout.replicate_layout 1087:Replicating drawings on sheet ['kx134_unit8']
05-17 16:00:40 com_github_MitjaNemec_ReplicateLayout.replicate_layout 1087:Replicating drawings on sheet ['kx134_unit9']
05-17 16:00:40 root 299:updating GUI message: 'Removing duplicates'
05-17 16:00:40 com_github_MitjaNemec_ReplicateLayout.action_replicate_layout 223:Replication complete
